SF:/Users/felipepassos/Documents/github/router-kit/.build/arm64-apple-macosx/debug/RouterKitPackageTests.derived/runner.swift
FN:510,$s21RouterKitPackageTests6RunnerV14testingLibrary33_56C7980737A53C48CB4699D6838B7F50LLSSyFZ
FN:527,$s21RouterKitPackageTests6RunnerV4mainyyYaFZ
FNDA:1,$s21RouterKitPackageTests6RunnerV14testingLibrary33_56C7980737A53C48CB4699D6838B7F50LLSSyFZ
FNDA:1,$s21RouterKitPackageTests6RunnerV4mainyyYaFZ
FNF:2
FNH:2
DA:510,1
DA:511,1
DA:512,6
DA:513,6
DA:514,1
DA:515,5
DA:516,5
DA:517,0
DA:518,0
DA:519,0
DA:520,1
DA:527,1
DA:528,1
DA:530,1
DA:536,1
DA:538,1
DA:546,1
BRF:0
BRH:0
LF:17
LH:14
end_of_record
SF:/Users/felipepassos/Documents/github/router-kit/Sources/RouterKit/Router.swift
FN:17,$s9RouterKit0A0C6_stack33_AF7928E655AFB68D93E38D08CB4CFCE8LL7Combine9PublishedVy7SwiftUI14NavigationPathVGvpfi
FN:25,$s9RouterKit0A0C5routeACyxGx_tcfc
FN:34,$s9RouterKit0A0C4push2to7animateyx_SbtF
FN:46,$s9RouterKit0A0C20pushWithoutAnimation33_AF7928E655AFB68D93E38D08CB4CFCE8LL2toyx_tF
FN:50,$s9RouterKit0A0C20pushWithoutAnimation33_AF7928E655AFB68D93E38D08CB4CFCE8LL2toyx_tFyyXEfU_
FN:58,$s9RouterKit0A0C15replaceRootView2toyx_tF
FN:64,$s9RouterKit0A0C3popyyF
FN:71,$s9RouterKit0A0C9popToRootyyF
FNDA:8,$s9RouterKit0A0C6_stack33_AF7928E655AFB68D93E38D08CB4CFCE8LL7Combine9PublishedVy7SwiftUI14NavigationPathVGvpfi
FNDA:8,$s9RouterKit0A0C5routeACyxGx_tcfc
FNDA:9,$s9RouterKit0A0C4push2to7animateyx_SbtF
FNDA:1,$s9RouterKit0A0C20pushWithoutAnimation33_AF7928E655AFB68D93E38D08CB4CFCE8LL2toyx_tF
FNDA:1,$s9RouterKit0A0C20pushWithoutAnimation33_AF7928E655AFB68D93E38D08CB4CFCE8LL2toyx_tFyyXEfU_
FNDA:1,$s9RouterKit0A0C15replaceRootView2toyx_tF
FNDA:3,$s9RouterKit0A0C3popyyF
FNDA:2,$s9RouterKit0A0C9popToRootyyF
FNF:8
FNH:8
DA:17,8
DA:25,8
DA:26,8
DA:27,8
DA:34,9
DA:35,9
DA:36,1
DA:37,1
DA:38,8
DA:39,8
DA:40,8
DA:41,8
DA:46,1
DA:47,1
DA:48,1
DA:49,1
DA:50,1
DA:51,1
DA:52,1
DA:53,1
DA:58,1
DA:59,1
DA:60,1
DA:61,1
DA:64,3
DA:65,3
DA:66,2
DA:67,2
DA:68,3
DA:71,2
DA:72,2
DA:73,2
BRF:0
BRH:0
LF:35
LH:35
end_of_record
SF:/Users/felipepassos/Documents/github/router-kit/Sources/RouterKit/RouterView.swift
FN:20,$s9RouterKit0A4ViewV04rootC0ACyxGx_tcfC
FN:27,$s9RouterKit0A4ViewV4bodyQrvg
FN:28,$s9RouterKit0A4ViewV4bodyQrvg7SwiftUI0C0PAEE21navigationDestination3for11destinationQrqd__m_qd_0_qd__ctSHRd__AeFRd_0_r0_lFQOyAE03AnyC0V_xALQo_yXEfU_
FN:30,$s9RouterKit0A4ViewV4bodyQrvg7SwiftUI0C0PAEE21navigationDestination3for11destinationQrqd__m_qd_0_qd__ctSHRd__AeFRd_0_r0_lFQOyAE03AnyC0V_xALQo_yXEfU_ALxcfU_
FNDA:0,$s9RouterKit0A4ViewV04rootC0ACyxGx_tcfC
FNDA:0,$s9RouterKit0A4ViewV4bodyQrvg
FNDA:0,$s9RouterKit0A4ViewV4bodyQrvg7SwiftUI0C0PAEE21navigationDestination3for11destinationQrqd__m_qd_0_qd__ctSHRd__AeFRd_0_r0_lFQOyAE03AnyC0V_xALQo_yXEfU_
FNDA:0,$s9RouterKit0A4ViewV4bodyQrvg7SwiftUI0C0PAEE21navigationDestination3for11destinationQrqd__m_qd_0_qd__ctSHRd__AeFRd_0_r0_lFQOyAE03AnyC0V_xALQo_yXEfU_ALxcfU_
FNF:4
FNH:0
DA:20,0
DA:21,0
DA:22,0
DA:23,0
DA:24,0
DA:27,0
DA:28,0
DA:29,0
DA:30,0
DA:31,0
DA:32,0
DA:33,0
DA:34,0
DA:35,0
BRF:0
BRH:0
LF:23
LH:0
end_of_record
SF:/Users/felipepassos/Documents/github/router-kit/Tests/RouterKitTests/Mocks/MockRoute.swift
FN:12,$s14RouterKitTests9MockRouteV2id10Foundation4UUIDVvpfi
FN:14,$s14RouterKitTests9MockRouteV4view7SwiftUI4View_pvg
FNDA:18,$s14RouterKitTests9MockRouteV2id10Foundation4UUIDVvpfi
FNDA:9,$s14RouterKitTests9MockRouteV4view7SwiftUI4View_pvg
FNF:2
FNH:2
DA:12,18
DA:14,9
DA:15,9
DA:16,9
BRF:0
BRH:0
LF:4
LH:4
end_of_record
SF:/Users/felipepassos/Documents/github/router-kit/Tests/RouterKitTests/RouterTests.swift
FN:16,$s14RouterKitTests0aC0V20routerInitializationyyF
FN:26,$s14RouterKitTests0aC0V9pushRouteyySbF
FN:37,$s14RouterKitTests0aC0V8popRouteyySbF
FN:52,$s14RouterKitTests0aC0V15popOnEmptyStackyyF
FN:63,$s14RouterKitTests0aC0V9popToRootyyF
FN:79,$s14RouterKitTests0aC0V11replaceRootyyF
FNDA:1,$s14RouterKitTests0aC0V20routerInitializationyyF
FNDA:2,$s14RouterKitTests0aC0V9pushRouteyySbF
FNDA:2,$s14RouterKitTests0aC0V8popRouteyySbF
FNDA:1,$s14RouterKitTests0aC0V15popOnEmptyStackyyF
FNDA:1,$s14RouterKitTests0aC0V9popToRootyyF
FNDA:1,$s14RouterKitTests0aC0V11replaceRootyyF
FNF:6
FNH:6
DA:16,1
DA:17,1
DA:18,1
DA:19,1
DA:20,1
DA:21,1
DA:22,1
DA:23,1
DA:26,2
DA:27,2
DA:28,2
DA:29,2
DA:30,2
DA:31,2
DA:32,2
DA:33,2
DA:34,2
DA:37,2
DA:38,2
DA:39,2
DA:40,2
DA:41,2
DA:42,2
DA:43,2
DA:44,2
DA:45,2
DA:46,2
DA:47,2
DA:48,2
DA:49,2
DA:52,1
DA:53,1
DA:54,1
DA:55,1
DA:56,1
DA:57,1
DA:58,1
DA:59,1
DA:60,1
DA:63,1
DA:64,1
DA:65,1
DA:66,1
DA:67,1
DA:68,1
DA:69,1
DA:70,1
DA:71,1
DA:72,1
DA:73,1
DA:74,1
DA:75,1
DA:76,1
DA:79,1
DA:80,1
DA:81,1
DA:82,1
DA:83,1
DA:84,1
DA:85,1
DA:86,1
DA:87,1
DA:88,1
DA:89,1
DA:90,1
DA:91,1
BRF:0
BRH:0
LF:66
LH:66
end_of_record
